<?xml version="1.0" encoding="UTF-8"?>
<TestRun id="e61e5f89-d05e-4c61-b856-69f136133826" name="SYSTEM@LAPTOP-0HNGAHMB 2019-04-06 12:01:04" runUser="NT AUTHORITY\SYSTEM" xmlns="http://microsoft.com/schemas/VisualStudio/TeamTest/2010">
  <TestSettings name="Default Test Settings" id="11290399-5db6-4623-99f2-41997176d043">
    <Deployment userDeploymentRoot="C:\Program Files (x86)\Jenkins\workspace\Test" useDefaultDeploymentRoot="false" runDeploymentRoot="SYSTEM_LAPTOP-0HNGAHMB 2019-04-06 12_01_04" />
    <Execution>
      <TestTypeSpecific />
      <AgentRule name="Execution Agents">
      </AgentRule>
    </Execution>
    <Properties />
  </TestSettings>
  <Times creation="2019-04-06T12:01:04.1546470+05:30" queuing="2019-04-06T12:01:04.6234560+05:30" start="2019-04-06T12:01:04.7406440+05:30" finish="2019-04-06T12:01:04.9163552+05:30" />
  <ResultSummary outcome="Failed">
    <Counters total="1" executed="1" error="0" failed="1" timeout="0" aborted="0" inconclusive="0" passedButRunAborted="0" notRunnable="0" notExecuted="0" disconnected="0" warning="0" passed="0" completed="0" inProgress="0" pending="0" />
  </ResultSummary>
  <TestDefinitions>
    <UnitTest name="TestMethod2" storage="c:\program files (x86)\jenkins\workspace\test\mstestjenkinstests\bin\debug\mstestjenkinstests.dll" id="6d35bc14-8b20-6fd6-5ecc-e9f102f8d0cf">
      <Execution timeOut="1800000" id="704e26b6-c8f8-401b-beb8-81ad89a5f4d1" />
      <TestMethod codeBase="C:/Program Files (x86)/Jenkins/workspace/Test/MSTestJenkinsTests/bin/Debug/MSTestJenkinsTests.dll" adapterTypeName="Microsoft.VisualStudio.TestTools.TestTypes.Unit.UnitTestAdapter, Microsoft.VisualStudio.QualityTools.Tips.UnitTest.Adapter, Version=15.0.0.0, Culture=neutral, PublicKeyToken=b03f5f7f11d50a3a" className="MSTestJenkinsTests.UnitTest1, MSTestJenkinsTests, Version=1.0.0.0, Culture=neutral, PublicKeyToken=null" name="TestMethod2" />
    </UnitTest>
  </TestDefinitions>
  <TestLists>
    <TestList name="Results Not in a List" id="8c84fa94-04c1-424b-9868-57a2d4851a1d" />
    <TestList name="All Loaded Results" id="19431567-8539-422a-85d7-44ee4e166bda" />
  </TestLists>
  <TestEntries>
    <TestEntry testId="6d35bc14-8b20-6fd6-5ecc-e9f102f8d0cf" executionId="704e26b6-c8f8-401b-beb8-81ad89a5f4d1" testListId="8c84fa94-04c1-424b-9868-57a2d4851a1d" />
  </TestEntries>
  <Results>
    <UnitTestResult executionId="704e26b6-c8f8-401b-beb8-81ad89a5f4d1" testId="6d35bc14-8b20-6fd6-5ecc-e9f102f8d0cf" testName="TestMethod2" computerName="LAPTOP-0HNGAHMB" duration="00:00:00.0279870" startTime="2019-04-06T12:01:04.7787498+05:30" endTime="2019-04-06T12:01:04.8724286+05:30" testType="13cdc9d9-ddb5-4fa4-a97d-d965ccfc6d4b" outcome="Failed" testListId="8c84fa94-04c1-424b-9868-57a2d4851a1d" relativeResultsDirectory="704e26b6-c8f8-401b-beb8-81ad89a5f4d1">
      <Output>
        <DebugTrace>Welcome Marish
</DebugTrace>
        <ErrorInfo>
          <Message>Assert.IsNull failed. </Message>
          <StackTrace>   at MSTestJenkinsTests.UnitTest1.TestMethod2() in C:\Program Files (x86)\Jenkins\workspace\Test\MSTestJenkinsTests\UnitTest1.cs:line 26
</StackTrace>
        </ErrorInfo>
      </Output>
    </UnitTestResult>
  </Results>
</TestRun>